<?xml version="1.0" encoding="UTF-8"?>
<!-- Generated by org.testng.reporters.JUnitXMLReporter -->
<testsuite ignored="0" hostname="WGC1001KVLTG3" failures="0" tests="5" name="Default test" time="0.043" errors="0" timestamp="2022-06-14T15:20:54 EDT">
  <testcase classname="com.unittestcases.CalculatorAppUnitTestCases" name="AddTwoNumbers" time="0.009"/>
  <testcase classname="com.unittestcases.CalculatorAppUnitTestCases" name="AddTwoNumbersWithSecondValueAs0" time="0.001"/>
  <testcase classname="com.unittestcases.CalculatorAppUnitTestCases" name="AddTwoNumbersWithSecondValueAsString" time="0.001"/>
  <testcase classname="com.unittestcases.CalculatorAppUnitTestCases" name="WhenNumbersAreGreaterThanTwo" time="0.0"/>
  <testcase classname="com.unittestcases.CalculatorAppUnitTestCases" name="WhenOneNumberIsGiven" time="0.001"/>
</testsuite> <!-- Default test -->
